Using pre-set license
Built from '2020.3/staging' branch; Version is '2020.3.4f1 (0abb6314276a) revision 703331'; Using compiler version '192528614'; Build Type 'Release'
OS: 'Windows 10 Home; OS build 19042.1083; Version 2009; 64bit' Language: 'en' Physical Memory: 16225 MB
BatchMode: 1, IsHumanControllingUs: 0, StartBugReporterOnCrash: 0, Is64bit: 1, IsPro: 0

 COMMAND LINE ARGUMENTS:
E:\2020.3.4f1\Editor\Unity.exe
-adb2
-batchMode
-noUpm
-name
AssetImportWorker0
-projectPath
E:/Unity/Beyond4D/NDI/b4d-ndi-vr - Copy
-logFile
Logs/AssetImportWorker0.log
-srvPort
63363
Successfully changed project path to: E:/Unity/Beyond4D/NDI/b4d-ndi-vr - Copy
E:/Unity/Beyond4D/NDI/b4d-ndi-vr - Copy
Using Asset Import Pipeline V2.
Refreshing native plugins compatible for Editor in 29.83 ms, found 1 plugins.
Preloading 0 native plugins for Editor in 0.00 ms.
Initialize engine version: 2020.3.4f1 (0abb6314276a)
[Subsystems] Discovering subsystems at path E:/2020.3.4f1/Editor/Data/Resources/UnitySubsystems
[Subsystems] Discovering subsystems at path E:/Unity/Beyond4D/NDI/b4d-ndi-vr - Copy/Assets
GfxDevice: creating device client; threaded=0
Direct3D:
    Version:  Direct3D 11.0 [level 11.1]
    Renderer: NVIDIA GeForce RTX 2060 (ID=0x1f11)
    Vendor:   
    VRAM:     5980 MB
    Driver:   27.21.14.6109
Shader 'Universal Render Pipeline/Particles/Lit': fallback shader 'Universal Render Pipeline/Particles/SimpleLit' not found
Initialize mono
Mono path[0] = 'E:/2020.3.4f1/Editor/Data/Managed'
Mono path[1] = 'E:/2020.3.4f1/Editor/Data/MonoBleedingEdge/lib/mono/unityjit'
Mono config path = 'E:/2020.3.4f1/Editor/Data/MonoBleedingEdge/etc'
Using monoOptions --debugger-agent=transport=dt_socket,embedding=1,server=y,suspend=n,address=127.0.0.1:56112
Begin MonoManager ReloadAssembly
Registering precompiled unity dll's ...
Register platform support module: E:/2020.3.4f1/Editor/Data/PlaybackEngines/WebGLSupport/UnityEditor.WebGL.Extensions.dll
Register platform support module: E:/2020.3.4f1/Editor/Data/PlaybackEngines/WindowsStandaloneSupport/UnityEditor.WindowsStandalone.Extensions.dll
Registered in 0.001337 seconds.
Native extension for WindowsStandalone target not found
Native extension for WebGL target not found
Refreshing native plugins compatible for Editor in 27.23 ms, found 1 plugins.
Preloading 0 native plugins for Editor in 0.00 ms.
Mono: successfully reloaded assembly
- Completed reload, in  1.612 seconds
Platform modules already initialized, skipping
Registering precompiled user dll's ...
Registered in 0.004444 seconds.
Begin MonoManager ReloadAssembly
Native extension for WindowsStandalone target not found
Native extension for WebGL target not found
Refreshing native plugins compatible for Editor in 43.64 ms, found 1 plugins.
Preloading 0 native plugins for Editor in 0.00 ms.
DisplayProgressbar: Restoring NuGet Packages
Mono: successfully reloaded assembly
- Completed reload, in  1.353 seconds
Platform modules already initialized, skipping
========================================================================
Worker process is ready to serve import requests
Shader 'Universal Render Pipeline/Particles/Lit': fallback shader 'Universal Render Pipeline/Particles/SimpleLit' not found
Launched and connected shader compiler UnityShaderCompiler.exe after 0.13 seconds
Refreshing native plugins compatible for Editor in 0.40 ms, found 1 plugins.
Preloading 0 native plugins for Editor in 0.00 ms.
Unloading 1902 Unused Serialized files (Serialized files now loaded: 0)
System memory in use before: 100.2 MB.
System memory in use after: 100.3 MB.

Unloading 19 unused Assets to reduce memory usage. Loaded Objects now: 2339.
Total: 2.164200 ms (FindLiveObjects: 0.307200 ms CreateObjectMapping: 0.125300 ms MarkObjects: 1.646500 ms  DeleteObjects: 0.084000 ms)

========================================================================
Received Import Request.
  path: Assets/B4D
  artifactKey: Guid(e3bdc0e13b82b7948a6e23078c5dbb84) Importer(815301076,1909f56bfc062723c751e8b465ee728b)
Start importing Assets/B4D using Guid(e3bdc0e13b82b7948a6e23078c5dbb84) Importer(815301076,1909f56bfc062723c751e8b465ee728b)  -> (artifact id: '2b35328ccb27d486fa688e2f11af7b36') in 0.036271 seconds
  Import took 0.059414 seconds .

========================================================================
Received Import Request.
  Time since last request: 0.900113 seconds.
  path: Assets/B4D
  artifactKey: Guid(e3bdc0e13b82b7948a6e23078c5dbb84) Importer(815301076,1909f56bfc062723c751e8b465ee728b)
Start importing Assets/B4D using Guid(e3bdc0e13b82b7948a6e23078c5dbb84) Importer(815301076,1909f56bfc062723c751e8b465ee728b)  -> (artifact id: '2b35328ccb27d486fa688e2f11af7b36') in 0.007005 seconds
  Import took 0.011201 seconds .

========================================================================
Received Import Request.
  Time since last request: 128.759122 seconds.
  path: Assets/_App/Scripts/WS_Client.cs
  artifactKey: Guid(ecf39c5be228e6942aaae12985dbb50b) Importer(815301076,1909f56bfc062723c751e8b465ee728b)
Start importing Assets/_App/Scripts/WS_Client.cs using Guid(ecf39c5be228e6942aaae12985dbb50b) Importer(815301076,1909f56bfc062723c751e8b465ee728b)  -> (artifact id: '3f1669d38f13e45caad6399ef457724b') in 0.032159 seconds
  Import took 0.036041 seconds .

========================================================================
Received Import Request.
  Time since last request: 0.004135 seconds.
  path: Assets/_App/Scripts/WS_Client.cs
  artifactKey: Guid(ecf39c5be228e6942aaae12985dbb50b) Importer(815301076,1909f56bfc062723c751e8b465ee728b)
Start importing Assets/_App/Scripts/WS_Client.cs using Guid(ecf39c5be228e6942aaae12985dbb50b) Importer(815301076,1909f56bfc062723c751e8b465ee728b)  -> (artifact id: '3f1669d38f13e45caad6399ef457724b') in 0.005237 seconds
  Import took 0.009753 seconds .

========================================================================
Received Import Request.
  Time since last request: 92.929052 seconds.
  path: Assets/_App/Scripts/WS_Client.cs
  artifactKey: Guid(ecf39c5be228e6942aaae12985dbb50b) Importer(815301076,1909f56bfc062723c751e8b465ee728b)
Start importing Assets/_App/Scripts/WS_Client.cs using Guid(ecf39c5be228e6942aaae12985dbb50b) Importer(815301076,1909f56bfc062723c751e8b465ee728b)  -> (artifact id: '1ae8b1e931200ae12eb46d9c6f20795c') in 0.012967 seconds
  Import took 0.017521 seconds .

========================================================================
Received Prepare
Registering precompiled user dll's ...
Registered in 0.003517 seconds.
Begin MonoManager ReloadAssembly
Native extension for WindowsStandalone target not found
Native extension for WebGL target not found
Refreshing native plugins compatible for Editor in 0.39 ms, found 1 plugins.
Preloading 0 native plugins for Editor in 0.00 ms.
Mono: successfully reloaded assembly
- Completed reload, in  1.217 seconds
Platform modules already initialized, skipping
Shader 'Universal Render Pipeline/Particles/Lit': fallback shader 'Universal Render Pipeline/Particles/SimpleLit' not found
Refreshing native plugins compatible for Editor in 0.37 ms, found 1 plugins.
Preloading 0 native plugins for Editor in 0.00 ms.
Unloading 1896 Unused Serialized files (Serialized files now loaded: 0)
System memory in use before: 97.6 MB.
System memory in use after: 97.7 MB.

Unloading 16 unused Assets to reduce memory usage. Loaded Objects now: 2451.
Total: 2.037500 ms (FindLiveObjects: 0.186600 ms CreateObjectMapping: 0.095500 ms MarkObjects: 1.684700 ms  DeleteObjects: 0.069800 ms)

========================================================================
Received Import Request.
  Time since last request: 137.041972 seconds.
  path: Assets/B4D/Prefabs
  artifactKey: Guid(6e8166e417d4a0746a33330daeef6bab) Importer(815301076,1909f56bfc062723c751e8b465ee728b)
Start importing Assets/B4D/Prefabs using Guid(6e8166e417d4a0746a33330daeef6bab) Importer(815301076,1909f56bfc062723c751e8b465ee728b)  -> (artifact id: '9bc962ac682db83735411ce5a1e54613') in 0.034735 seconds
  Import took 0.073002 seconds .

========================================================================
Received Import Request.
  Time since last request: 0.819172 seconds.
  path: Assets/B4D/Prefabs/UI
  artifactKey: Guid(18b18832e94c588418f9ddcf3303fca8) Importer(815301076,1909f56bfc062723c751e8b465ee728b)
Start importing Assets/B4D/Prefabs/UI using Guid(18b18832e94c588418f9ddcf3303fca8) Importer(815301076,1909f56bfc062723c751e8b465ee728b)  -> (artifact id: '993eb50e958fc184fd1d5c7142f9af51') in 0.041067 seconds
  Import took 0.044226 seconds .

========================================================================
Received Prepare
Shader 'Universal Render Pipeline/Particles/Lit': fallback shader 'Universal Render Pipeline/Particles/SimpleLit' not found
Refreshing native plugins compatible for Editor in 2.94 ms, found 1 plugins.
Preloading 0 native plugins for Editor in 0.00 ms.
Unloading 28 Unused Serialized files (Serialized files now loaded: 0)
System memory in use before: 62.4 MB.
System memory in use after: 61.8 MB.

Unloading 27 unused Assets to reduce memory usage. Loaded Objects now: 2451.
Total: 3.314300 ms (FindLiveObjects: 0.383200 ms CreateObjectMapping: 0.112200 ms MarkObjects: 2.466500 ms  DeleteObjects: 0.350200 ms)

AssetImportWorkerClient::OnTransportError - code=2 error=End of file
